Arguments: 
  /Users/ert_macbook_106/.nvm/versions/node/v18.18.2/bin/node /Users/ert_macbook_106/.cache/node/corepack/yarn/1.22.19/bin/yarn.js add @type/node --save

PATH: 
  /Users/ert_macbook_106/.bun/bin:/Users/ert_macbook_106/.nvm/versions/node/v18.18.2/bin:/Users/ert_macbook_106/.rbenv/shims:/Users/ert_macbook_106/.docker/bin:/usr/local/bin:/usr/bin:/bin:/usr/sbin:/sbin:/Users/ert_macbook_106/.orbstack/bin:/usr/local/bin:/Users/ert_macbook_106/.npm-global/bin

Yarn version: 
  1.22.19

Node version: 
  18.18.2

Platform: 
  darwin x64

Trace: 
  Error: https://registry.yarnpkg.com/@type%2fnode: Not found
      at params.callback [as _callback] (/Users/ert_macbook_106/.cache/node/corepack/yarn/1.22.19/lib/cli.js:66145:18)
      at self.callback (/Users/ert_macbook_106/.cache/node/corepack/yarn/1.22.19/lib/cli.js:140890:22)
      at Request.emit (node:events:517:28)
      at Request.<anonymous> (/Users/ert_macbook_106/.cache/node/corepack/yarn/1.22.19/lib/cli.js:141862:10)
      at Request.emit (node:events:517:28)
      at IncomingMessage.<anonymous> (/Users/ert_macbook_106/.cache/node/corepack/yarn/1.22.19/lib/cli.js:141784:12)
      at Object.onceWrapper (node:events:631:28)
      at IncomingMessage.emit (node:events:529:35)
      at endReadableNT (node:internal/streams/readable:1368:12)
      at process.processTicksAndRejections (node:internal/process/task_queues:82:21)

npm manifest: 
  {
    "name": "design-patterns",
    "version": "1.0.0",
    "description": "",
    "main": "index.js",
    "scripts": {
      "test": "echo \"Error: no test specified\" && exit 1"
    },
    "author": "",
    "license": "ISC",
    "dependencies": {
      "typescript": "^5.4.5"
    }
  }

yarn manifest: 
  No manifest

Lockfile: 
  # THIS IS AN AUTOGENERATED FILE. DO NOT EDIT THIS FILE DIRECTLY.
  # yarn lockfile v1
  
  
  typescript@^5.4.5:
    version "5.4.5"
    resolved "https://registry.yarnpkg.com/typescript/-/typescript-5.4.5.tgz#42ccef2c571fdbd0f6718b1d1f5e6e5ef006f611"
    integrity sha512-vcI4UpRgg81oIRUFwR0WSIHKt11nJ7SAVlYNIu+QpqeyXP+gpQJy/Z4+F0aGxSE4MqwjyXvW/TzgkLAx2AGHwQ==
